Script_Android/Dash_Table/V17/app/build/intermediates/manifest_merge_blame_file/debug/processDebugMainManifest/manifest-merger-blame-debug-report.txt
1<?xml version="1.0" encoding="utf-8"?>
2<manifest xmlns:android="http://schemas.android.com/apk/res/android"
3    package="local.dashapp.gym.table"
4    android:versionCode="25"
5    android:versionName="1.25" >
6
7    <uses-sdk
8        android:minSdkVersion="23"
9        android:targetSdkVersion="35" />
10
11    <uses-permission android:name="android.permission.VIBRATE" />
11-->src\main\AndroidManifest.xml:3:5-66
11-->src\main\AndroidManifest.xml:3:22-63
12
13    <application
13-->src\main\AndroidManifest.xml:4:5-11:19
14        android:allowBackup="false"
14-->src\main\AndroidManifest.xml:4:180-207
15        android:debuggable="true"
16        android:extractNativeLibs="false"
17        android:icon="@drawable/custom_launcher_icon"
17-->src\main\AndroidManifest.xml:4:83-128
18        android:label="@string/app_name"
18-->src\main\AndroidManifest.xml:4:50-82
19        android:roundIcon="@drawable/custom_launcher_icon"
19-->src\main\AndroidManifest.xml:4:129-179
20        android:supportsRtl="true"
20-->src\main\AndroidManifest.xml:4:208-234
21        android:theme="@style/AppTheme" >
21-->src\main\AndroidManifest.xml:4:18-49
22        <activity
22-->src\main\AndroidManifest.xml:5:9-10:20
23            android:name="local.weighttable.MainActivity"
23-->src\main\AndroidManifest.xml:5:19-47
24            android:exported="true" >
24-->src\main\AndroidManifest.xml:5:48-71
25            <intent-filter>
25-->src\main\AndroidManifest.xml:6:13-9:29
26                <action android:name="android.intent.action.MAIN" />
26-->src\main\AndroidManifest.xml:7:17-69
26-->src\main\AndroidManifest.xml:7:25-66
27
28                <category android:name="android.intent.category.LAUNCHER" />
28-->src\main\AndroidManifest.xml:8:17-77
28-->src\main\AndroidManifest.xml:8:27-74
29            </intent-filter>
30        </activity>
31    </application>
32
33</manifest>